Traceback (most recent call last):
  File "/Users/mriki/.pyenv/versions/miniforge3-4.10.3-10/envs/datasci/lib/python3.10/site-packages/jupyter_cache/executors/utils.py", line 58, in single_nb_execution
    executenb(
  File "/Users/mriki/.pyenv/versions/miniforge3-4.10.3-10/envs/datasci/lib/python3.10/site-packages/nbclient/client.py", line 1204, in execute
    return NotebookClient(nb=nb, resources=resources, km=km, **kwargs).execute()
  File "/Users/mriki/.pyenv/versions/miniforge3-4.10.3-10/envs/datasci/lib/python3.10/site-packages/nbclient/util.py", line 84, in wrapped
    return just_run(coro(*args, **kwargs))
  File "/Users/mriki/.pyenv/versions/miniforge3-4.10.3-10/envs/datasci/lib/python3.10/site-packages/nbclient/util.py", line 62, in just_run
    return loop.run_until_complete(coro)
  File "/Users/mriki/.pyenv/versions/miniforge3-4.10.3-10/envs/datasci/lib/python3.10/asyncio/base_events.py", line 646, in run_until_complete
    return future.result()
  File "/Users/mriki/.pyenv/versions/miniforge3-4.10.3-10/envs/datasci/lib/python3.10/site-packages/nbclient/client.py", line 663, in async_execute
    await self.async_execute_cell(
  File "/Users/mriki/.pyenv/versions/miniforge3-4.10.3-10/envs/datasci/lib/python3.10/site-packages/nbclient/client.py", line 965, in async_execute_cell
    await self._check_raise_for_error(cell, cell_index, exec_reply)
  File "/Users/mriki/.pyenv/versions/miniforge3-4.10.3-10/envs/datasci/lib/python3.10/site-packages/nbclient/client.py", line 862, in _check_raise_for_error
    raise CellExecutionError.from_cell_and_msg(cell, exec_reply_content)
nbclient.exceptions.CellExecutionError: An error occurred while executing the following cell:
------------------
data_container = knnã«å¿…è¦ãªæƒ…å ±ã‚’ã¾ã¨ã‚ãŸãƒ‡ãƒ¼ã‚¿æ§‹é€ (1) # ã“ã“ã§ã¯kã‚’é©å½“ã«1ã¨ã—ã¾ã™ã€‚
# data_container = è¨“ç·´(data_container, X_train, y_train)
pred_labels = äºˆæ¸¬(data_container, X_test)
------------------

[0;31m---------------------------------------------------------------------------[0m
[0;31mAttributeError[0m                            Traceback (most recent call last)
Cell [0;32mIn[12], line 3[0m
[1;32m      1[0m data_container [38;5;241m=[39m knnã«å¿…è¦ãªæƒ…å ±ã‚’ã¾ã¨ã‚ãŸãƒ‡ãƒ¼ã‚¿æ§‹é€ ([38;5;241m1[39m) [38;5;66;03m# ã“ã“ã§ã¯kã‚’é©å½“ã«1ã¨ã—ã¾ã™ã€‚[39;00m
[1;32m      2[0m [38;5;66;03m# data_container = è¨“ç·´(data_container, X_train, y_train)[39;00m
[0;32m----> 3[0m pred_labels [38;5;241m=[39m [43mäºˆæ¸¬[49m[43m([49m[43mdata_container[49m[43m,[49m[43m [49m[43mX_test[49m[43m)[49m

Cell [0;32mIn[11], line 8[0m, in [0;36mäºˆæ¸¬[0;34m(ãƒ‡ãƒ¼ã‚¿ã‚³ãƒ³ãƒ†ãƒŠ, ã‚¯ãƒ©ã‚¹ã‚’äºˆæ¸¬ã—ãŸã„ãƒ‡ãƒ¼ã‚¿)[0m
[1;32m      2[0m äºˆæ¸¬ã—ãŸã‚¯ãƒ©ã‚¹ãƒ©ãƒ™ãƒ« [38;5;241m=[39m [] [38;5;66;03m# ãƒªã‚¹ãƒˆã¨ã—ã¦åˆæœŸåŒ–[39;00m
[1;32m      4[0m [38;5;28;01mfor[39;00m (ãƒ«ãƒ¼ãƒ—ã®å›æ•°, x) [38;5;129;01min[39;00m [38;5;28menumerate[39m(ã‚¯ãƒ©ã‚¹ã‚’äºˆæ¸¬ã—ãŸã„ãƒ‡ãƒ¼ã‚¿):
[1;32m      5[0m     
[1;32m      6[0m     [38;5;66;03m# ãƒ‡ãƒ¼ã‚¿ç‚¹xã¨æ•™å¸«ãƒ‡ãƒ¼ã‚¿ã™ã¹ã¦ã¨ã®è·é›¢ã‚’è¨ˆç®—ã—ã€distance_vectorã«æ ¼ç´ã™ã‚‹ã€‚[39;00m
[1;32m      7[0m     [38;5;66;03m# distance_vectorã®è¦ç´ æ•°ã¯æ•™å¸«ãƒ‡ãƒ¼ã‚¿ã®æ•°ã¨åŒã˜ã«ãªã£ã¦ã„ã‚‹ã¯ãšã€‚[39;00m
[0;32m----> 8[0m     distance_vector [38;5;241m=[39m è·é›¢é–¢æ•°(x, [43mãƒ‡ãƒ¼ã‚¿ã‚³ãƒ³ãƒ†ãƒŠ[49m[38;5;241;43m.[39;49m[43mæ•™å¸«ãƒ‡ãƒ¼ã‚¿[49m)
[1;32m     10[0m     [38;5;66;03m# ã“ã‚Œã‚’å°ã•ã„é †ã«ã‚½ãƒ¼ãƒˆã—ã¦ã€ãƒ‡ãƒ¼ã‚¿ã®ç•ªå·ã‚’å¤‰æ•°ã«ä¿å­˜ã—ã¦ãŠã[39;00m
[1;32m     11[0m     sorted_indexes [38;5;241m=[39m np[38;5;241m.[39margsort(distance_vector)

[0;31mAttributeError[0m: 'knnã«å¿…è¦ãªæƒ…å ±ã‚’ã¾ã¨ã‚ãŸãƒ‡ãƒ¼ã‚¿æ§‹ï¿½' object has no attribute 'æ•™å¸«ãƒ‡ãƒ¼ã‚¿'
AttributeError: 'knnã«å¿…è¦ãªæƒ…å ±ã‚’ã¾ã¨ã‚ãŸãƒ‡ãƒ¼ã‚¿æ§‹ï¿½' object has no attribute 'æ•™å¸«ãƒ‡ãƒ¼ã‚¿'

