Traceback (most recent call last):
  File "/Users/mriki/.pyenv/versions/miniforge3-4.10.3-10/envs/datasci/lib/python3.10/site-packages/jupyter_cache/executors/utils.py", line 58, in single_nb_execution
    executenb(
  File "/Users/mriki/.pyenv/versions/miniforge3-4.10.3-10/envs/datasci/lib/python3.10/site-packages/nbclient/client.py", line 1204, in execute
    return NotebookClient(nb=nb, resources=resources, km=km, **kwargs).execute()
  File "/Users/mriki/.pyenv/versions/miniforge3-4.10.3-10/envs/datasci/lib/python3.10/site-packages/nbclient/util.py", line 84, in wrapped
    return just_run(coro(*args, **kwargs))
  File "/Users/mriki/.pyenv/versions/miniforge3-4.10.3-10/envs/datasci/lib/python3.10/site-packages/nbclient/util.py", line 62, in just_run
    return loop.run_until_complete(coro)
  File "/Users/mriki/.pyenv/versions/miniforge3-4.10.3-10/envs/datasci/lib/python3.10/asyncio/base_events.py", line 646, in run_until_complete
    return future.result()
  File "/Users/mriki/.pyenv/versions/miniforge3-4.10.3-10/envs/datasci/lib/python3.10/site-packages/nbclient/client.py", line 663, in async_execute
    await self.async_execute_cell(
  File "/Users/mriki/.pyenv/versions/miniforge3-4.10.3-10/envs/datasci/lib/python3.10/site-packages/nbclient/client.py", line 965, in async_execute_cell
    await self._check_raise_for_error(cell, cell_index, exec_reply)
  File "/Users/mriki/.pyenv/versions/miniforge3-4.10.3-10/envs/datasci/lib/python3.10/site-packages/nbclient/client.py", line 862, in _check_raise_for_error
    raise CellExecutionError.from_cell_and_msg(cell, exec_reply_content)
nbclient.exceptions.CellExecutionError: An error occurred while executing the following cell:
------------------
import numpy as np 
import jax
import matplotlib.pyplot as plt 
from IPython.display import display, Markdown

------------------

[0;31m---------------------------------------------------------------------------[0m
[0;31mRuntimeError[0m                              Traceback (most recent call last)
Cell [0;32mIn[1], line 2[0m
[1;32m      1[0m [38;5;28;01mimport[39;00m [38;5;21;01mnumpy[39;00m [38;5;28;01mas[39;00m [38;5;21;01mnp[39;00m 
[0;32m----> 2[0m [38;5;28;01mimport[39;00m [38;5;21;01mjax[39;00m
[1;32m      3[0m [38;5;28;01mimport[39;00m [38;5;21;01mmatplotlib[39;00m[38;5;21;01m.[39;00m[38;5;21;01mpyplot[39;00m [38;5;28;01mas[39;00m [38;5;21;01mplt[39;00m 
[1;32m      4[0m [38;5;28;01mfrom[39;00m [38;5;21;01mIPython[39;00m[38;5;21;01m.[39;00m[38;5;21;01mdisplay[39;00m [38;5;28;01mimport[39;00m display, Markdown

File [0;32m~/.pyenv/versions/miniforge3-4.10.3-10/envs/datasci/lib/python3.10/site-packages/jax/__init__.py:35[0m
[1;32m     30[0m [38;5;28;01mdel[39;00m _cloud_tpu_init
[1;32m     32[0m [38;5;66;03m# Confusingly there are two things named "config": the module and the class.[39;00m
[1;32m     33[0m [38;5;66;03m# We want the exported object to be the class, so we first import the module[39;00m
[1;32m     34[0m [38;5;66;03m# to make sure a later import doesn't overwrite the class.[39;00m
[0;32m---> 35[0m [38;5;28;01mfrom[39;00m [38;5;21;01mjax[39;00m [38;5;28;01mimport[39;00m config [38;5;28;01mas[39;00m _config_module
[1;32m     36[0m [38;5;28;01mdel[39;00m _config_module
[1;32m     38[0m [38;5;28;01mfrom[39;00m [38;5;21;01mjax[39;00m[38;5;21;01m.[39;00m[38;5;21;01m_src[39;00m[38;5;21;01m.[39;00m[38;5;21;01mbasearray[39;00m [38;5;28;01mimport[39;00m Array [38;5;28;01mas[39;00m Array

File [0;32m~/.pyenv/versions/miniforge3-4.10.3-10/envs/datasci/lib/python3.10/site-packages/jax/config.py:17[0m
[1;32m      1[0m [38;5;66;03m# Copyright 2018 The JAX Authors.[39;00m
[1;32m      2[0m [38;5;66;03m#[39;00m
[1;32m      3[0m [38;5;66;03m# Licensed under the Apache License, Version 2.0 (the "License");[39;00m
[0;32m   (...)[0m
[1;32m     14[0m 
[1;32m     15[0m [38;5;66;03m# TODO(phawkins): fix users of this alias and delete this file.[39;00m
[0;32m---> 17[0m [38;5;28;01mfrom[39;00m [38;5;21;01mjax[39;00m[38;5;21;01m.[39;00m[38;5;21;01m_src[39;00m[38;5;21;01m.[39;00m[38;5;21;01mconfig[39;00m [38;5;28;01mimport[39;00m config  [38;5;66;03m# noqa: F401[39;00m

File [0;32m~/.pyenv/versions/miniforge3-4.10.3-10/envs/datasci/lib/python3.10/site-packages/jax/_src/config.py:27[0m
[1;32m     24[0m [38;5;28;01mimport[39;00m [38;5;21;01mthreading[39;00m
[1;32m     25[0m [38;5;28;01mfrom[39;00m [38;5;21;01mtyping[39;00m [38;5;28;01mimport[39;00m Any, List, Callable, Hashable, NamedTuple, Iterator, Optional
[0;32m---> 27[0m [38;5;28;01mfrom[39;00m [38;5;21;01mjax[39;00m[38;5;21;01m.[39;00m[38;5;21;01m_src[39;00m [38;5;28;01mimport[39;00m lib
[1;32m     28[0m [38;5;28;01mfrom[39;00m [38;5;21;01mjax[39;00m[38;5;21;01m.[39;00m[38;5;21;01m_src[39;00m[38;5;21;01m.[39;00m[38;5;21;01mlib[39;00m [38;5;28;01mimport[39;00m jax_jit
[1;32m     29[0m [38;5;28;01mfrom[39;00m [38;5;21;01mjax[39;00m[38;5;21;01m.[39;00m[38;5;21;01m_src[39;00m[38;5;21;01m.[39;00m[38;5;21;01mlib[39;00m [38;5;28;01mimport[39;00m transfer_guard_lib

File [0;32m~/.pyenv/versions/miniforge3-4.10.3-10/envs/datasci/lib/python3.10/site-packages/jax/_src/lib/__init__.py:74[0m
[1;32m     71[0m   [38;5;28;01mreturn[39;00m _jaxlib_version
[1;32m     73[0m version_str [38;5;241m=[39m jaxlib[38;5;241m.[39mversion[38;5;241m.[39m__version__
[0;32m---> 74[0m version [38;5;241m=[39m [43mcheck_jaxlib_version[49m[43m([49m
[1;32m     75[0m [43m  [49m[43mjax_version[49m[38;5;241;43m=[39;49m[43mjax[49m[38;5;241;43m.[39;49m[43mversion[49m[38;5;241;43m.[39;49m[43m__version__[49m[43m,[49m
[1;32m     76[0m [43m  [49m[43mjaxlib_version[49m[38;5;241;43m=[39;49m[43mjaxlib[49m[38;5;241;43m.[39;49m[43mversion[49m[38;5;241;43m.[39;49m[43m__version__[49m[43m,[49m
[1;32m     77[0m [43m  [49m[43mminimum_jaxlib_version[49m[38;5;241;43m=[39;49m[43mjax[49m[38;5;241;43m.[39;49m[43mversion[49m[38;5;241;43m.[39;49m[43m_minimum_jaxlib_version[49m[43m)[49m
[1;32m     81[0m [38;5;66;03m# Before importing any C compiled modules from jaxlib, first import the CPU[39;00m
[1;32m     82[0m [38;5;66;03m# feature guard module to verify that jaxlib was compiled in a way that only[39;00m
[1;32m     83[0m [38;5;66;03m# uses instructions that are present on this machine.[39;00m
[1;32m     84[0m [38;5;28;01mimport[39;00m [38;5;21;01mjaxlib[39;00m[38;5;21;01m.[39;00m[38;5;21;01mcpu_feature_guard[39;00m [38;5;28;01mas[39;00m [38;5;21;01mcpu_feature_guard[39;00m

File [0;32m~/.pyenv/versions/miniforge3-4.10.3-10/envs/datasci/lib/python3.10/site-packages/jax/_src/lib/__init__.py:69[0m, in [0;36mcheck_jaxlib_version[0;34m(jax_version, jaxlib_version, minimum_jaxlib_version)[0m
[1;32m     65[0m [38;5;28;01mif[39;00m _jaxlib_version [38;5;241m>[39m _jax_version:
[1;32m     66[0m   msg [38;5;241m=[39m ([38;5;124mf[39m[38;5;124m'[39m[38;5;124mjaxlib version [39m[38;5;132;01m{[39;00mjaxlib_version[38;5;132;01m}[39;00m[38;5;124m is newer than and [39m[38;5;124m'[39m
[1;32m     67[0m          [38;5;124mf[39m[38;5;124m'[39m[38;5;124mincompatible with jax version [39m[38;5;132;01m{[39;00mjax_version[38;5;132;01m}[39;00m[38;5;124m. Please [39m[38;5;124m'[39m
[1;32m     68[0m          [38;5;124m'[39m[38;5;124mupdate your jax and/or jaxlib packages.[39m[38;5;124m'[39m)
[0;32m---> 69[0m   [38;5;28;01mraise[39;00m [38;5;167;01mRuntimeError[39;00m(msg)
[1;32m     71[0m [38;5;28;01mreturn[39;00m _jaxlib_version

[0;31mRuntimeError[0m: jaxlib version 0.4.6 is newer than and incompatible with jax version 0.3.25. Please update your jax and/or jaxlib packages.
RuntimeError: jaxlib version 0.4.6 is newer than and incompatible with jax version 0.3.25. Please update your jax and/or jaxlib packages.

